<?xml version="1.0" encoding="UTF-8" ?>
<testsuite tests="2" failures="2" name="TestSuite" time="115.151" errors="0" skipped="0">
  <properties>
    <property name="java.runtime.name" value="Java(TM) SE Runtime Environment"/>
    <property name="sun.boot.library.path" value="C:\Program Files\Java\jdk1.8.0_25\jre\bin"/>
    <property name="java.vm.version" value="25.25-b02"/>
    <property name="java.vm.vendor" value="Oracle Corporation"/>
    <property name="maven.multiModuleProjectDirectory" value="C:\Farmrise\webp"/>
    <property name="java.vendor.url" value="http://java.oracle.com/"/>
    <property name="path.separator" value=";"/>
    <property name="guice.disable.misplaced.annotation.check" value="true"/>
    <property name="java.vm.name" value="Java HotSpot(TM) 64-Bit Server VM"/>
    <property name="file.encoding.pkg" value="sun.io"/>
    <property name="user.script" value=""/>
    <property name="user.country" value="US"/>
    <property name="sun.java.launcher" value="SUN_STANDARD"/>
    <property name="sun.os.patch.level" value="Service Pack 1"/>
    <property name="java.vm.specification.name" value="Java Virtual Machine Specification"/>
    <property name="user.dir" value="C:\Farmrise\webp"/>
    <property name="java.runtime.version" value="1.8.0_25-b18"/>
    <property name="java.awt.graphicsenv" value="sun.awt.Win32GraphicsEnvironment"/>
    <property name="java.endorsed.dirs" value="C:\Program Files\Java\jdk1.8.0_25\jre\lib\endorsed"/>
    <property name="os.arch" value="amd64"/>
    <property name="java.io.tmpdir" value="C:\Users\gkokz\AppData\Local\Temp\"/>
    <property name="line.separator" value="
"/>
    <property name="java.vm.specification.vendor" value="Oracle Corporation"/>
    <property name="user.variant" value=""/>
    <property name="os.name" value="Windows 7"/>
    <property name="classworlds.conf" value="C:\Farmrise\.metadata\.plugins\org.eclipse.m2e.launching\launches\m2conf3338167171363398339.tmp"/>
    <property name="sun.jnu.encoding" value="Cp1252"/>
    <property name="java.library.path" value="C:\Program Files\Java\jdk1.8.0_25\bin;C:\WINDOWS\Sun\Java\bin;C:\WINDOWS\system32;C:\WINDOWS;C:/Program Files/Java/jdk1.8.0_25/bin/../jre/bin/server;C:/Program Files/Java/jdk1.8.0_25/bin/../jre/bin;C:/Program Files/Java/jdk1.8.0_25/bin/../jre/lib/amd64;C:\Program Files (x86)\Worksoft\Certify\Client;C:\Program Files (x86)\Worksoft\Certify\Interface Client\Worksoft\wsTest\ImageMatching\Opencv\x64\vc10\bin;C:\Program Files (x86)\Worksoft\Certify\Interface Client\Worksoft\wsTest\ImageMatching\Opencv\x86\vc10\bin;C:\Program Files\Java\jdk1.8.0_25\bin;C:\Program Files\Java\jre1.8.0_25\bin;C:\ProgramData\Oracle\Java\javapath;C:\WINDOWS\system32;C:\WINDOWS;C:\WINDOWS\System32\Wbem;C:\WINDOWS\System32\WindowsPowerShell\v1.0\;C:\Program Files (x86)\WebEx\Productivity Tools;C:\Users\gkokz\Downloads\chromedriver_win32\;;C:\Users\gkokz\Downloads\eclipse;;."/>
    <property name="java.specification.name" value="Java Platform API Specification"/>
    <property name="java.class.version" value="52.0"/>
    <property name="sun.management.compiler" value="HotSpot 64-Bit Tiered Compilers"/>
    <property name="os.version" value="6.1"/>
    <property name="user.home" value="C:\Users\gkokz"/>
    <property name="user.timezone" value="Asia/Calcutta"/>
    <property name="java.awt.printerjob" value="sun.awt.windows.WPrinterJob"/>
    <property name="java.specification.version" value="1.8"/>
    <property name="file.encoding" value="Cp1252"/>
    <property name="user.name" value="GKOKZ"/>
    <property name="java.class.path" value="/C:/Users/gkokz/Downloads/eclipse/plugins/org.eclipse.m2e.maven.runtime_1.7.0.20160603-1931/jars/plexus-classworlds-2.5.2.jar"/>
    <property name="java.vm.specification.version" value="1.8"/>
    <property name="sun.arch.data.model" value="64"/>
    <property name="java.home" value="C:\Program Files\Java\jdk1.8.0_25\jre"/>
    <property name="sun.java.command" value="org.codehaus.plexus.classworlds.launcher.Launcher -B test"/>
    <property name="java.specification.vendor" value="Oracle Corporation"/>
    <property name="user.language" value="en"/>
    <property name="awt.toolkit" value="sun.awt.windows.WToolkit"/>
    <property name="java.vm.info" value="mixed mode"/>
    <property name="java.version" value="1.8.0_25"/>
    <property name="java.ext.dirs" value="C:\Program Files\Java\jdk1.8.0_25\jre\lib\ext;C:\WINDOWS\Sun\Java\lib\ext"/>
    <property name="sun.boot.class.path" value="C:\Program Files\Java\jdk1.8.0_25\jre\lib\resources.jar;C:\Program Files\Java\jdk1.8.0_25\jre\lib\rt.jar;C:\Program Files\Java\jdk1.8.0_25\jre\lib\sunrsasign.jar;C:\Program Files\Java\jdk1.8.0_25\jre\lib\jsse.jar;C:\Program Files\Java\jdk1.8.0_25\jre\lib\jce.jar;C:\Program Files\Java\jdk1.8.0_25\jre\lib\charsets.jar;C:\Program Files\Java\jdk1.8.0_25\jre\lib\jfr.jar;C:\Program Files\Java\jdk1.8.0_25\jre\classes"/>
    <property name="java.vendor" value="Oracle Corporation"/>
    <property name="maven.home" value="C:\Farmrise\webp\EMBEDDED"/>
    <property name="file.separator" value="\"/>
    <property name="java.vendor.url.bug" value="http://bugreport.sun.com/bugreport/"/>
    <property name="sun.cpu.endian" value="little"/>
    <property name="sun.io.unicode.encoding" value="UnicodeLittle"/>
    <property name="sun.desktop" value="windows"/>
    <property name="sun.cpu.isalist" value="amd64"/>
  </properties>
  <testcase classname="com.webpp.Test99GuruLogin" name="test_Home_Page_Appear_Correct" time="65.988">
    <failure message="Unable to locate element: *[name=&apos;uid&apos;]
For documentation on this error, please visit: https://www.seleniumhq.org/exceptions/no_such_element.html
Build info: version: &apos;3.141.59&apos;, revision: &apos;e82be7d358&apos;, time: &apos;2018-11-14T08:17:03&apos;
System info: host: &apos;PF00WYQS&apos;, ip: &apos;10.35.156.217&apos;, os.name: &apos;Windows 7&apos;, os.arch: &apos;amd64&apos;, os.version: &apos;6.1&apos;, java.version: &apos;1.8.0_25&apos;
Driver info: org.openqa.selenium.firefox.FirefoxDriver
Capabilities {acceptInsecureCerts: true, browserName: firefox, browserVersion: 66.0.5, javascriptEnabled: true, moz:accessibilityChecks: false, moz:geckodriverVersion: 0.24.0, moz:headless: false, moz:processID: 10540, moz:profile: C:\Users\gkokz\AppData\Loca..., moz:shutdownTimeout: 60000, moz:useNonSpecCompliantPointerOrigin: false, moz:webdriverClick: true, pageLoadStrategy: normal, platform: WINDOWS, platformName: WINDOWS, platformVersion: 6.1, rotatable: false, setWindowRect: true, strictFileInteractability: false, timeouts: {implicit: 0, pageLoad: 300000, script: 30000}, unhandledPromptBehavior: dismiss and notify}
Session ID: ce2e8469-f3be-4256-9d75-59dc7c01b4ed
*** Element info: {Using=name, value=uid}" type="org.openqa.selenium.NoSuchElementException">org.openqa.selenium.NoSuchElementException: Unable to locate element: *[name=&apos;uid&apos;]
For documentation on this error, please visit: https://www.seleniumhq.org/exceptions/no_such_element.html
Build info: version: &apos;3.141.59&apos;, revision: &apos;e82be7d358&apos;, time: &apos;2018-11-14T08:17:03&apos;
System info: host: &apos;PF00WYQS&apos;, ip: &apos;10.35.156.217&apos;, os.name: &apos;Windows 7&apos;, os.arch: &apos;amd64&apos;, os.version: &apos;6.1&apos;, java.version: &apos;1.8.0_25&apos;
Driver info: org.openqa.selenium.firefox.FirefoxDriver
Capabilities {acceptInsecureCerts: true, browserName: firefox, browserVersion: 66.0.5, javascriptEnabled: true, moz:accessibilityChecks: false, moz:geckodriverVersion: 0.24.0, moz:headless: false, moz:processID: 10540, moz:profile: C:\Users\gkokz\AppData\Loca..., moz:shutdownTimeout: 60000, moz:useNonSpecCompliantPointerOrigin: false, moz:webdriverClick: true, pageLoadStrategy: normal, platform: WINDOWS, platformName: WINDOWS, platformVersion: 6.1, rotatable: false, setWindowRect: true, strictFileInteractability: false, timeouts: {implicit: 0, pageLoad: 300000, script: 30000}, unhandledPromptBehavior: dismiss and notify}
Session ID: ce2e8469-f3be-4256-9d75-59dc7c01b4ed
*** Element info: {Using=name, value=uid}
	at sun.reflect.NativeConstructorAccessorImpl.newInstance0(Native Method)
	at sun.reflect.NativeConstructorAccessorImpl.newInstance(NativeConstructorAccessorImpl.java:62)
	at sun.reflect.DelegatingConstructorAccessorImpl.newInstance(DelegatingConstructorAccessorImpl.java:45)
	at java.lang.reflect.Constructor.newInstance(Constructor.java:408)
	at org.openqa.selenium.remote.http.W3CHttpResponseCodec.createException(W3CHttpResponseCodec.java:187)
	at org.openqa.selenium.remote.http.W3CHttpResponseCodec.decode(W3CHttpResponseCodec.java:122)
	at org.openqa.selenium.remote.http.W3CHttpResponseCodec.decode(W3CHttpResponseCodec.java:49)
	at org.openqa.selenium.remote.HttpCommandExecutor.execute(HttpCommandExecutor.java:158)
	at org.openqa.selenium.remote.service.DriverCommandExecutor.execute(DriverCommandExecutor.java:83)
	at org.openqa.selenium.remote.RemoteWebDriver.execute(RemoteWebDriver.java:552)
	at org.openqa.selenium.remote.RemoteWebDriver.findElement(RemoteWebDriver.java:323)
	at org.openqa.selenium.remote.RemoteWebDriver.findElementByName(RemoteWebDriver.java:404)
	at org.openqa.selenium.By$ByName.findElement(By.java:284)
	at org.openqa.selenium.remote.RemoteWebDriver.findElement(RemoteWebDriver.java:315)
	at org.openqa.selenium.support.pagefactory.DefaultElementLocator.findElement(DefaultElementLocator.java:69)
	at org.openqa.selenium.support.pagefactory.internal.LocatingElementHandler.invoke(LocatingElementHandler.java:38)
	at com.sun.proxy.$Proxy6.sendKeys(Unknown Source)
	at com.webp.Guru99Login.setUserName(Guru99Login.java:38)
	at com.webp.Guru99Login.loginToGuru99(Guru99Login.java:68)
	at com.webpp.Test99GuruLogin.test_Home_Page_Appear_Correct(Test99GuruLogin.java:76)
</failure>
    <system-out>Configuring TestNG with: org.apache.maven.surefire.testng.conf.TestNG652Configurator@39ed3c8d
1
1.5
https://www.linkedin.com/login?trk=guest_homepage-basic_nav-header-signin,
1.5
https://www.linkedin.com/login?trk=guest_homepage-basic_nav-header-signin,hariveeranki66@gmail.com,
1.5
https://www.linkedin.com/login?trk=guest_homepage-basic_nav-header-signin,hariveeranki66@gmail.com,Cheetos6^ ,
1.5
https://www.linkedin.com/login?trk=guest_homepage-basic_nav-header-signin,hariveeranki66@gmail.com,Cheetos6^ ,firefox,
1.5
1.5
https://www.linkedin.com/login?trk=guest_homepage-basic_nav-header-signin,hariveeranki66@gmail.com,Cheetos6^ ,firefox,hari,
1.5
https://www.linkedin.com/login?trk=guest_homepage-basic_nav-header-signin,hariveeranki66@gmail.com,Cheetos6^ ,firefox,hari,veeranki,
2
3
</system-out>
    <system-err>Jun 12, 2019 12:21:59 PM org.openqa.selenium.remote.DesiredCapabilities firefox
INFO: Using `new FirefoxOptions()` is preferred to `DesiredCapabilities.firefox()`
1560322322373	mozrunner::runner	INFO	Running command: &quot;C:\\Program Files\\Mozilla Firefox\\firefox.exe&quot; &quot;-marionette&quot; &quot;-foreground&quot; &quot;-no-remote&quot; &quot;-profile&quot; &quot;C:\\Users\\gkokz\\AppData\\Local\\Temp\\rust_mozprofile.vR1tdBTCoHzf&quot;
1560322329159	addons.webextension.screenshots@mozilla.org	WARN	Loading extension &apos;screenshots@mozilla.org&apos;: Reading manifest: Invalid extension permission: mozillaAddons
1560322329162	addons.webextension.screenshots@mozilla.org	WARN	Loading extension &apos;screenshots@mozilla.org&apos;: Reading manifest: Invalid extension permission: resource://pdf.js/
1560322329165	addons.webextension.screenshots@mozilla.org	WARN	Loading extension &apos;screenshots@mozilla.org&apos;: Reading manifest: Invalid extension permission: about:reader*
1560322349794	Marionette	INFO	Listening on port 62373
[Parent 10540, Gecko_IOThread] WARNING: pipe error: 109: file z:/build/build/src/ipc/chromium/src/chrome/common/ipc_channel_win.cc, line 332
1560322350109	Marionette	WARN	TLS certificate errors will be ignored for this session
Jun 12, 2019 12:22:30 PM org.openqa.selenium.remote.ProtocolHandshake createSession
INFO: Detected dialect: W3C
</system-err>
  </testcase>
  <testcase classname="com.webpp.TestLinkedinLoginPage" name="g" time="49.163">
    <failure type="java.lang.NullPointerException">java.lang.NullPointerException
	at utils.ExcelDetails.writeExcel(ExcelDetails.java:171)
	at com.webpp.TestLinkedinLoginPage.g(TestLinkedinLoginPage.java:50)
</failure>
    <system-out>Verified
4
</system-out>
    <system-err>Jun 12, 2019 12:23:05 PM org.openqa.selenium.remote.DesiredCapabilities firefox
INFO: Using `new FirefoxOptions()` is preferred to `DesiredCapabilities.firefox()`
1560322386033	mozrunner::runner	INFO	Running command: &quot;C:\\Program Files\\Mozilla Firefox\\firefox.exe&quot; &quot;-marionette&quot; &quot;-foreground&quot; &quot;-no-remote&quot; &quot;-profile&quot; &quot;C:\\Users\\gkokz\\AppData\\Local\\Temp\\rust_mozprofile.LxL0Z7H5U17A&quot;
1560322390598	addons.webextension.screenshots@mozilla.org	WARN	Loading extension &apos;screenshots@mozilla.org&apos;: Reading manifest: Invalid extension permission: mozillaAddons
1560322390607	addons.webextension.screenshots@mozilla.org	WARN	Loading extension &apos;screenshots@mozilla.org&apos;: Reading manifest: Invalid extension permission: resource://pdf.js/
1560322390607	addons.webextension.screenshots@mozilla.org	WARN	Loading extension &apos;screenshots@mozilla.org&apos;: Reading manifest: Invalid extension permission: about:reader*
1560322401248	Marionette	INFO	Listening on port 62570
1560322401707	Marionette	WARN	TLS certificate errors will be ignored for this session
Jun 12, 2019 12:23:21 PM org.openqa.selenium.remote.ProtocolHandshake createSession
INFO: Detected dialect: W3C
JavaScript warning: https://static.licdn.com/sc/h/br/de0zactn9b5njhlggojcyx4fk, line 7549: unreachable code after return statement
1560322427325	Marionette	WARN	TimedPromise timed out after 500 ms: stacktrace:
bail@chrome://marionette/content/sync.js:224:64
</system-err>
  </testcase>
</testsuite>