<?xml version="1.0" encoding="UTF-8"?>
<!-- Generated by org.testng.reporters.JUnitReportReporter -->
<testsuite hostname="PF00WYQS" name="com.Appium.TestSignupPage" tests="1" failures="0" timestamp="27 Jun 2019 09:55:14 GMT" time="60.619" errors="0">
  <testcase name="f" time="60.619" classname="com.Appium.TestSignupPage"/>
</testsuite> <!-- com.Appium.TestSignupPage -->
