<?xml version="1.0" encoding="UTF-8"?>
<!-- Generated by org.testng.reporters.JUnitReportReporter -->
<testsuite hostname="PF00WYQS" name="com.webpp.SpeechTest" tests="1" failures="1" timestamp="18 Jun 2019 09:20:55 GMT" time="18.397" errors="0">
  <testcase name="f" time="18.397" classname="com.webpp.SpeechTest">
    <failure type="java.lang.Error" message="Unable to load voice directory. java.lang.ClassNotFoundException: com.sun.speech.freetts.en.us.cmu_us_kal.KevinVoiceDirectory">
      <![CDATA[java.lang.Error: Unable to load voice directory. java.lang.ClassNotFoundException: com.sun.speech.freetts.en.us.cmu_us_kal.KevinVoiceDirectory
	at com.sun.speech.freetts.VoiceManager.getVoiceDirectories(VoiceManager.java:205)
	at com.sun.speech.freetts.VoiceManager.getVoices(VoiceManager.java:103)
	at com.sun.speech.freetts.jsapi.FreeTTSEngineCentral.createEngineList(FreeTTSEngineCentral.java:94)
	at javax.speech.Central.availableSynthesizers(Central.java:660)
	at javax.speech.Central.createSynthesizer(Central.java:553)
	at com.webpp.SpeechTest.f(SpeechTest.java:34)
	at sun.reflect.NativeMethodAccessorImpl.invoke0(Native Method)
	at sun.reflect.NativeMethodAccessorImpl.invoke(NativeMethodAccessorImpl.java:62)
	at sun.reflect.DelegatingMethodAccessorImpl.invoke(DelegatingMethodAccessorImpl.java:43)
	at java.lang.reflect.Method.invoke(Method.java:483)
	at org.testng.internal.MethodInvocationHelper.invokeMethod(MethodInvocationHelper.java:84)
	at org.testng.internal.Invoker.invokeMethod(Invoker.java:714)
	at org.testng.internal.Invoker.invokeTestMethod(Invoker.java:901)
	at org.testng.internal.Invoker.invokeTestMethods(Invoker.java:1231)
	at org.testng.internal.TestMethodWorker.invokeTestMethods(TestMethodWorker.java:127)
	at org.testng.internal.TestMethodWorker.run(TestMethodWorker.java:111)
	at org.testng.TestRunner.privateRun(TestRunner.java:767)
	at org.testng.TestRunner.run(TestRunner.java:617)
	at org.testng.SuiteRunner.runTest(SuiteRunner.java:348)
	at org.testng.SuiteRunner.runSequentially(SuiteRunner.java:343)
	at org.testng.SuiteRunner.privateRun(SuiteRunner.java:305)
	at org.testng.SuiteRunner.run(SuiteRunner.java:254)
	at org.testng.SuiteRunnerWorker.runSuite(SuiteRunnerWorker.java:52)
	at org.testng.SuiteRunnerWorker.run(SuiteRunnerWorker.java:86)
	at org.testng.TestNG.runSuitesSequentially(TestNG.java:1224)
	at org.testng.TestNG.runSuitesLocally(TestNG.java:1149)
	at org.testng.TestNG.run(TestNG.java:1057)
	at org.testng.remote.AbstractRemoteTestNG.run(AbstractRemoteTestNG.java:126)
	at org.testng.remote.RemoteTestNG.initAndRun(RemoteTestNG.java:137)
	at org.testng.remote.RemoteTestNG.main(RemoteTestNG.java:58)
]]>
    </failure>
  </testcase> <!-- f -->
</testsuite> <!-- com.webpp.SpeechTest -->
