<?xml version="1.0" encoding="UTF-8"?>
<!-- Generated by org.testng.reporters.JUnitReportReporter -->
<testsuite hostname="PF00WYQS" name="com.webpp.TestLinkedinLoginPage" tests="1" failures="0" timestamp="12 Jun 2019 11:15:03 GMT" time="44.165" errors="0">
  <testcase name="g" time="44.165" classname="com.webpp.TestLinkedinLoginPage"/>
</testsuite> <!-- com.webpp.TestLinkedinLoginPage -->
