<?xml version="1.0" encoding="UTF-8"?>
<!-- Generated by org.testng.reporters.JUnitReportReporter -->
<testsuite hostname="PF00WYQS" name="com.Appium.TesthomePage" tests="1" failures="0" timestamp="24 Jun 2019 07:15:25 GMT" time="60.686" errors="0">
  <testcase name="f" time="60.686" classname="com.Appium.TesthomePage"/>
</testsuite> <!-- com.Appium.TesthomePage -->
