<?xml version="1.0" encoding="UTF-8"?>
<!-- Generated by org.testng.reporters.JUnitReportReporter -->
<testsuite hostname="PF00WYQS" name="com.Appium.TestMyBag" tests="1" failures="0" timestamp="27 Jun 2019 09:55:14 GMT" time="83.034" errors="0">
  <testcase name="f" time="83.034" classname="com.Appium.TestMyBag"/>
</testsuite> <!-- com.Appium.TestMyBag -->
