<?xml version="1.0" encoding="UTF-8"?>
<!-- Generated by org.testng.reporters.JUnitReportReporter -->
<testsuite hostname="PF00WYQS" name="com.Appium.ProfileChecking" tests="1" failures="0" timestamp="21 Jun 2019 09:06:53 GMT" time="64.523" errors="0">
  <testcase name="first" time="64.523" classname="com.Appium.ProfileChecking"/>
</testsuite> <!-- com.Appium.ProfileChecking -->
