<?xml version="1.0" encoding="UTF-8"?>
<!-- Generated by org.testng.reporters.JUnitReportReporter -->
<testsuite hostname="PF00WYQS" name="com.Appium.TestSignupPage" tests="1" failures="0" timestamp="24 Jun 2019 11:45:58 GMT" time="56.285" errors="0">
  <testcase name="f" time="56.285" classname="com.Appium.TestSignupPage"/>
</testsuite> <!-- com.Appium.TestSignupPage -->
