<?xml version="1.0" encoding="UTF-8"?>
<!-- Generated by org.testng.reporters.JUnitReportReporter -->
<testsuite hostname="PF00WYQS" name="com.Appium.TesthomePage" tests="1" failures="0" timestamp="27 Jun 2019 09:55:14 GMT" time="78.073" errors="0">
  <testcase name="f" time="78.073" classname="com.Appium.TesthomePage"/>
</testsuite> <!-- com.Appium.TesthomePage -->
